<?xml version="1.0" encoding="UTF-8"?>
<!-- Generated by org.testng.reporters.JUnitXMLReporter -->
<testsuite hostname="hp" ignored="0" name="Default test" tests="5" failures="0" timestamp="05 Oct 2017 07:43:44 GMT" time="65.76" errors="0">
  <testcase name="openSeleniumDilip" time="20.324" classname="Testng.Seleniumtest"/>
  <testcase name="openSeleniumDilip" time="21.01" classname="Testng.Seleniumtest"/>
  <testcase name="openSeleniumDilip" time="39.402" classname="Testng.Seleniumtest"/>
  <testcase name="openSeleniumDilip" time="44.214" classname="Testng.Seleniumtest"/>
  <testcase name="openSeleniumDilip" time="63.795" classname="Testng.Seleniumtest"/>
</testsuite> <!-- Default test -->
